<?xml version="1.0" encoding="UTF-8"?>
<robot generator="Robot 3.2.2 (Python 3.8.3 on win32)" generated="20210204 19:02:46.612" rpa="false">
<suite id="s1" name="spec.CookieBanner" source="C:\Users\pbish\Desktop\AutomationPortfolio\indiegogo\Tests\spec.CookieBanner.robot">
<test id="s1-t1" name="First Test Case">
<kw name="Begin Web Test" library="res.Common" type="setup">
<kw name="Open Browser" library="SeleniumLibrary">
<doc>Opens a new browser instance to the optional ``url``.</doc>
<arguments>
<arg>about:blank</arg>
<arg>chrome</arg>
</arguments>
<msg timestamp="20210204 19:02:46.774" level="INFO">Opening browser 'chrome' to base url 'about:blank'.</msg>
<status status="PASS" starttime="20210204 19:02:46.774" endtime="20210204 19:02:47.821"></status>
</kw>
<status status="PASS" starttime="20210204 19:02:46.774" endtime="20210204 19:02:47.822"></status>
</kw>
<kw name="Navigate To Site Under Test" library="res.CookieBanner">
<kw name="Load" library="po.CookieBanner">
<kw name="Go To" library="SeleniumLibrary">
<doc>Navigates the current browser window to the provided ``url``.</doc>
<arguments>
<arg>https://www.indiegogo.com/</arg>
</arguments>
<msg timestamp="20210204 19:02:47.823" level="INFO">Opening url 'https://www.indiegogo.com/'</msg>
<status status="PASS" starttime="20210204 19:02:47.822" endtime="20210204 19:02:49.955"></status>
</kw>
<status status="PASS" starttime="20210204 19:02:47.822" endtime="20210204 19:02:49.955"></status>
</kw>
<status status="PASS" starttime="20210204 19:02:47.822" endtime="20210204 19:02:49.955"></status>
</kw>
<kw name="End Web Test" library="res.Common" type="teardown">
<kw name="Close Browser" library="SeleniumLibrary">
<doc>Closes the current browser.</doc>
<status status="PASS" starttime="20210204 19:02:49.956" endtime="20210204 19:02:52.032"></status>
</kw>
<status status="PASS" starttime="20210204 19:02:49.956" endtime="20210204 19:02:52.032"></status>
</kw>
<doc>this is the first test case</doc>
<tags>
<tag>Smoke</tag>
</tags>
<status status="PASS" starttime="20210204 19:02:46.773" endtime="20210204 19:02:52.033" critical="yes"></status>
</test>
<doc>This is the cookie banner Test Suite</doc>
<status status="PASS" starttime="20210204 19:02:46.613" endtime="20210204 19:02:52.034"></status>
</suite>
<statistics>
<total>
<stat pass="1" fail="0">Critical Tests</stat>
<stat pass="1" fail="0">All Tests</stat>
</total>
<tag>
<stat pass="1" fail="0">Smoke</stat>
</tag>
<suite>
<stat pass="1" fail="0" id="s1" name="spec.CookieBanner">spec.CookieBanner</stat>
</suite>
</statistics>
<errors>
</errors>
</robot>
