<?xml version="1.0" encoding="UTF-8"?>
<robot generator="Robot 3.2.2 (Python 3.8.3 on win32)" generated="20210204 18:22:27.147" rpa="false">
<suite id="s1" name="spec.CookieBanner" source="C:\Users\pbish\Desktop\AutomationPortfolio\indiegogo\Tests\spec.CookieBanner.robot">
<test id="s1-t1" name="First Test Case">
<kw name="Begin Web Test" library="res.Common" type="setup">
<kw name="Open Browser" library="SeleniumLibrary">
<doc>Opens a new browser instance to the optional ``url``.</doc>
<arguments>
<arg>about:blank</arg>
<arg>chrome</arg>
</arguments>
<msg timestamp="20210204 18:22:27.302" level="INFO">Opening browser 'chrome' to base url 'about:blank'.</msg>
<status status="PASS" starttime="20210204 18:22:27.301" endtime="20210204 18:22:28.398"></status>
</kw>
<status status="PASS" starttime="20210204 18:22:27.301" endtime="20210204 18:22:28.398"></status>
</kw>
<kw name="Navigate To Site Under Test" library="res.CookieBanner">
<kw name="Load" library="po.CookieBanner">
<kw name="Go To" library="SeleniumLibrary">
<doc>Navigates the current browser window to the provided ``url``.</doc>
<arguments>
<arg>https://www.indiegogo.com/</arg>
</arguments>
<msg timestamp="20210204 18:22:28.400" level="INFO">Opening url 'https://www.indiegogo.com/'</msg>
<status status="PASS" starttime="20210204 18:22:28.400" endtime="20210204 18:22:30.597"></status>
</kw>
<status status="PASS" starttime="20210204 18:22:28.399" endtime="20210204 18:22:30.597"></status>
</kw>
<status status="PASS" starttime="20210204 18:22:28.399" endtime="20210204 18:22:30.597"></status>
</kw>
<kw name="Sleep" library="BuiltIn">
<doc>Pauses the test executed for the given time.</doc>
<arguments>
<arg>3</arg>
</arguments>
<msg timestamp="20210204 18:22:33.604" level="INFO">Slept 3 seconds</msg>
<status status="PASS" starttime="20210204 18:22:30.598" endtime="20210204 18:22:33.604"></status>
</kw>
<kw name="End Web Test" library="res.Common" type="teardown">
<kw name="Close Browser" library="SeleniumLibrary">
<doc>Closes the current browser.</doc>
<status status="PASS" starttime="20210204 18:22:33.605" endtime="20210204 18:22:35.711"></status>
</kw>
<status status="PASS" starttime="20210204 18:22:33.605" endtime="20210204 18:22:35.712"></status>
</kw>
<doc>this is the first test case</doc>
<tags>
<tag>Smoke</tag>
</tags>
<status status="PASS" starttime="20210204 18:22:27.301" endtime="20210204 18:22:35.712" critical="yes"></status>
</test>
<doc>This is the cookie banner Test Suite</doc>
<status status="PASS" starttime="20210204 18:22:27.148" endtime="20210204 18:22:35.715"></status>
</suite>
<statistics>
<total>
<stat pass="1" fail="0">Critical Tests</stat>
<stat pass="1" fail="0">All Tests</stat>
</total>
<tag>
<stat pass="1" fail="0">Smoke</stat>
</tag>
<suite>
<stat pass="1" fail="0" id="s1" name="spec.CookieBanner">spec.CookieBanner</stat>
</suite>
</statistics>
<errors>
<msg timestamp="20210204 18:22:27.299" level="ERROR">Error in file 'C:\Users\pbish\Desktop\AutomationPortfolio\indiegogo\Resources\res.CookieBanner.robot' on line 2: Resource file '..\Resources\PageObjects\po.CookieBanner' does not exist.</msg>
</errors>
</robot>
